<?xml version="1.0" encoding="UTF-8"?>
<testsuites name="jest tests" tests="2" failures="0" errors="0" time="2.615">
  <testsuite name="Rate limiting integration" errors="0" failures="0" skipped="0" timestamp="2026-03-08T07:45:46" time="2.408" tests="2">
    <testcase classname="Rate limiting integration" name="returns 429 on the 11th rapid request to /api/v1/auth/login" time="0.047">
    </testcase>
    <testcase classname="Rate limiting integration" name="enforces the 200 requests per minute global limit on non-auth routes" time="0.062">
    </testcase>
  </testsuite>
</testsuites>